Flow report for RISCV_OAC
Tue Feb 25 08:24:37 2025
Quartus II 64-Bit Version 13.1.0 Build 162 10/23/2013 SJ Web Edition


---------------------
; Table of Contents ;
---------------------
  1. Legal Notice
  2. Flow Summary
  3. Flow Settings
  4. Flow Non-Default Global Settings
  5. Flow Elapsed Time
  6. Flow OS Summary
  7. Flow Log
  8. Flow Messages
  9. Flow Suppressed Messages



----------------
; Legal Notice ;
----------------
Copyright (C) 1991-2013 Altera Corporation
Your use of Altera Corporation's design tools, logic functions 
and other software and tools, and its AMPP partner logic 
functions, and any output files from any of the foregoing 
(including device programming or simulation files), and any 
associated documentation or information are expressly subject 
to the terms and conditions of the Altera Program License 
Subscription Agreement, Altera MegaCore Function License 
Agreement, or other applicable license agreement, including, 
without limitation, that your use is for the sole purpose of 
programming logic devices manufactured by Altera and sold by 
Altera or its authorized distributors.  Please refer to the 
applicable agreement for further details.



+---------------------------------------------------------------------------------+
; Flow Summary                                                                    ;
+------------------------------------+--------------------------------------------+
; Flow Status                        ; Successful - Tue Feb 25 08:24:37 2025      ;
; Quartus II 64-Bit Version          ; 13.1.0 Build 162 10/23/2013 SJ Web Edition ;
; Revision Name                      ; RISCV_OAC                                  ;
; Top-level Entity Name              ; RISC_V_Uniciclo                            ;
; Family                             ; Cyclone IV GX                              ;
; Total logic elements               ; 0 / 14,400 ( 0 % )                         ;
;     Total combinational functions  ; 0 / 14,400 ( 0 % )                         ;
;     Dedicated logic registers      ; 0 / 14,400 ( 0 % )                         ;
; Total registers                    ; 0                                          ;
; Total pins                         ; 2 / 81 ( 2 % )                             ;
; Total virtual pins                 ; 0                                          ;
; Total memory bits                  ; 0 / 552,960 ( 0 % )                        ;
; Embedded Multiplier 9-bit elements ; 0                                          ;
; Total GXB Receiver Channel PCS     ; 0 / 2 ( 0 % )                              ;
; Total GXB Receiver Channel PMA     ; 0 / 2 ( 0 % )                              ;
; Total GXB Transmitter Channel PCS  ; 0 / 2 ( 0 % )                              ;
; Total GXB Transmitter Channel PMA  ; 0 / 2 ( 0 % )                              ;
; Total PLLs                         ; 0 / 3 ( 0 % )                              ;
; Device                             ; EP4CGX15BF14C6                             ;
; Timing Models                      ; Final                                      ;
+------------------------------------+--------------------------------------------+


+-----------------------------------------+
; Flow Settings                           ;
+-------------------+---------------------+
; Option            ; Setting             ;
+-------------------+---------------------+
; Start date & time ; 02/25/2025 08:24:21 ;
; Main task         ; Compilation         ;
; Revision Name     ; RISCV_OAC           ;
+-------------------+---------------------+


+-------------------------------------------------------------------------------------------------------------------------+
; Flow Non-Default Global Settings                                                                                        ;
+-------------------------------------+--------------------------------+---------------+-----------------+----------------+
; Assignment Name                     ; Value                          ; Default Value ; Entity Name     ; Section Id     ;
+-------------------------------------+--------------------------------+---------------+-----------------+----------------+
; COMPILER_SIGNATURE_ID               ; 11416610623700.174048266113156 ; --            ; --              ; --             ;
; EDA_OUTPUT_DATA_FORMAT              ; Vhdl                           ; --            ; --              ; eda_simulation ;
; EDA_SIMULATION_TOOL                 ; ModelSim (VHDL)                ; <None>        ; --              ; --             ;
; PARTITION_COLOR                     ; 16764057                       ; --            ; RISC_V_Uniciclo ; Top            ;
; PARTITION_FITTER_PRESERVATION_LEVEL ; PLACEMENT_AND_ROUTING          ; --            ; RISC_V_Uniciclo ; Top            ;
; PARTITION_NETLIST_TYPE              ; SOURCE                         ; --            ; RISC_V_Uniciclo ; Top            ;
; PROJECT_OUTPUT_DIRECTORY            ; output_files                   ; --            ; --              ; --             ;
; TOP_LEVEL_ENTITY                    ; RISC_V_Uniciclo                ; RISCV_OAC     ; --              ; --             ;
; VHDL_INPUT_VERSION                  ; VHDL_2008                      ; VHDL_1993     ; --              ; --             ;
; VHDL_SHOW_LMF_MAPPING_MESSAGES      ; Off                            ; --            ; --              ; --             ;
+-------------------------------------+--------------------------------+---------------+-----------------+----------------+


+-------------------------------------------------------------------------------------------------------------------------------+
; Flow Elapsed Time                                                                                                             ;
+---------------------------+--------------+-------------------------+---------------------+------------------------------------+
; Module Name               ; Elapsed Time ; Average Processors Used ; Peak Virtual Memory ; Total CPU Time (on all processors) ;
+---------------------------+--------------+-------------------------+---------------------+------------------------------------+
; Analysis & Synthesis      ; 00:00:05     ; 1.0                     ; 4931 MB             ; 00:00:04                           ;
; Fitter                    ; 00:00:04     ; 1.0                     ; 4991 MB             ; 00:00:03                           ;
; Assembler                 ; 00:00:00     ; 1.0                     ; 4625 MB             ; 00:00:01                           ;
; TimeQuest Timing Analyzer ; 00:00:02     ; 1.0                     ; 4628 MB             ; 00:00:01                           ;
; EDA Netlist Writer        ; 00:00:00     ; 1.0                     ; 4585 MB             ; 00:00:00                           ;
; Total                     ; 00:00:11     ; --                      ; --                  ; 00:00:09                           ;
+---------------------------+--------------+-------------------------+---------------------+------------------------------------+


+----------------------------------------------------------------------------------------+
; Flow OS Summary                                                                        ;
+---------------------------+------------------+-----------+------------+----------------+
; Module Name               ; Machine Hostname ; OS Name   ; OS Version ; Processor type ;
+---------------------------+------------------+-----------+------------+----------------+
; Analysis & Synthesis      ; MKO-PC           ; Windows 7 ; 6.2        ; x86_64         ;
; Fitter                    ; MKO-PC           ; Windows 7 ; 6.2        ; x86_64         ;
; Assembler                 ; MKO-PC           ; Windows 7 ; 6.2        ; x86_64         ;
; TimeQuest Timing Analyzer ; MKO-PC           ; Windows 7 ; 6.2        ; x86_64         ;
; EDA Netlist Writer        ; MKO-PC           ; Windows 7 ; 6.2        ; x86_64         ;
+---------------------------+------------------+-----------+------------+----------------+


------------
; Flow Log ;
------------
quartus_map --read_settings_files=on --write_settings_files=off RISCV_OAC -c RISCV_OAC
quartus_fit --read_settings_files=off --write_settings_files=off RISCV_OAC -c RISCV_OAC
quartus_asm --read_settings_files=off --write_settings_files=off RISCV_OAC -c RISCV_OAC
quartus_sta RISCV_OAC -c RISCV_OAC
quartus_eda --read_settings_files=off --write_settings_files=off RISCV_OAC -c RISCV_OAC



